<?xml version="1.0" encoding="UTF-8"?>
<!-- Generated by org.testng.reporters.JUnitXMLReporter -->
<testsuite ignored="0" hostname="Stellas-MacBook-Pro.local" failures="0" tests="6" name="Regression Suite" time="16.541" errors="0" timestamp="2024-03-07T18:29:14 WAT">
  <testcase classname="tests.Login.Login" name="ValidateUsersCanOpenFrontEdgeApplication" time="0.585"/>
  <testcase classname="tests.Login.Login" name="ValidateUsersIsUnableToLoginWithCorrectUsernameAndIncorrectPassword" time="1.747"/>
  <testcase classname="tests.Login.Login" name="ValidateUsersIsUnableToLoginWithIncorrectUsernameAndIncorrectPassword" time="1.289"/>
  <testcase classname="tests.Login.Login" name="ValidateUsersIsUnableToLoginWithCorrectEmailAndIncorrectPassword" time="1.456"/>
  <testcase classname="tests.Login.Login" name="ValidateUsersIsUnableToLoginWithEmptyFields" time="1.276"/>
  <testcase classname="tests.Login.Login" name="ValidateSuccessfulLogin" time="0.808"/>
</testsuite> <!-- Regression Suite -->
