<?xml version="1.0" encoding="UTF-8"?>
<testsuite xmlns:xsi="http://www.w3.org/2001/XMLSchema-instance" xsi:noNamespaceSchemaLocation="https://maven.apache.org/surefire/maven-surefire-plugin/xsd/surefire-test-report-3.0.xsd" version="3.0" name="TestSuite" time="16.89" tests="6" errors="0" skipped="0" failures="0">
  <properties>
[...]
</properties>
  <testcase name="ValidateUsersCanOpenFrontEdgeApplication[public void tests.Login.Login.ValidateUsersCanOpenFrontEdgeApplication(java.lang.reflect.Method) throws java.io.FileNotFoundException](1)" classname="tests.Login.Login" time="0.579">
    <system-out><![CDATA[18:28:57.765 [main] INFO  utils.logs.Log - Process is onStart methodRegression Suite
https://dev-suite.frontedge.io
18:29:06.629 [main] INFO  utils.logs.Log - ValidateUsersCanOpenFrontEdgeApplicationtest is starting...
Lets get you back
The message is: Lets get you back
18:29:07.214 [main] INFO  utils.logs.Log - ValidateUsersCanOpenFrontEdgeApplication test has succeeded.
]]></system-out>
    <system-err><![CDATA[SLF4J(W): No SLF4J providers were found.
SLF4J(W): Defaulting to no-operation (NOP) logger implementation
SLF4J(W): See https://www.slf4j.org/codes.html#noProviders for further details.
]]></system-err>
  </testcase>
  <testcase name="ValidateUsersIsUnableToLoginWithCorrectUsernameAndIncorrectPassword[public void tests.Login.Login.ValidateUsersIsUnableToLoginWithCorrectUsernameAndIncorrectPassword(java.lang.reflect.Method) throws java.io.FileNotFoundException](1)" classname="tests.Login.Login" time="1.747">
    <system-out><![CDATA[18:29:07.216 [main] INFO  utils.logs.Log - ValidateUsersIsUnableToLoginWithCorrectUsernameAndIncorrectPasswordtest is starting...
The message is: Invalid username or password
18:29:08.963 [main] INFO  utils.logs.Log - ValidateUsersIsUnableToLoginWithCorrectUsernameAndIncorrectPassword test has succeeded.
]]></system-out>
  </testcase>
  <testcase name="ValidateUsersIsUnableToLoginWithIncorrectUsernameAndIncorrectPassword[public void tests.Login.Login.ValidateUsersIsUnableToLoginWithIncorrectUsernameAndIncorrectPassword(java.lang.reflect.Method) throws java.io.FileNotFoundException](1)" classname="tests.Login.Login" time="1.291">
    <system-out><![CDATA[18:29:08.964 [main] INFO  utils.logs.Log - ValidateUsersIsUnableToLoginWithIncorrectUsernameAndIncorrectPasswordtest is starting...
The message is: Invalid username or password
18:29:10.253 [main] INFO  utils.logs.Log - ValidateUsersIsUnableToLoginWithIncorrectUsernameAndIncorrectPassword test has succeeded.
]]></system-out>
  </testcase>
  <testcase name="ValidateUsersIsUnableToLoginWithCorrectEmailAndIncorrectPassword[public void tests.Login.Login.ValidateUsersIsUnableToLoginWithCorrectEmailAndIncorrectPassword(java.lang.reflect.Method) throws java.io.FileNotFoundException](1)" classname="tests.Login.Login" time="1.457">
    <system-out><![CDATA[18:29:10.255 [main] INFO  utils.logs.Log - ValidateUsersIsUnableToLoginWithCorrectEmailAndIncorrectPasswordtest is starting...
The message is: Invalid username or password
18:29:11.711 [main] INFO  utils.logs.Log - ValidateUsersIsUnableToLoginWithCorrectEmailAndIncorrectPassword test has succeeded.
]]></system-out>
  </testcase>
  <testcase name="ValidateUsersIsUnableToLoginWithEmptyFields[public void tests.Login.Login.ValidateUsersIsUnableToLoginWithEmptyFields(java.lang.reflect.Method) throws java.io.FileNotFoundException](1)" classname="tests.Login.Login" time="1.278">
    <system-out><![CDATA[18:29:11.712 [main] INFO  utils.logs.Log - ValidateUsersIsUnableToLoginWithEmptyFieldstest is starting...
The message is: Invalid username or password
18:29:12.988 [main] INFO  utils.logs.Log - ValidateUsersIsUnableToLoginWithEmptyFields test has succeeded.
]]></system-out>
  </testcase>
  <testcase name="ValidateSuccessfulLogin[public void tests.Login.Login.ValidateSuccessfulLogin(java.lang.reflect.Method) throws java.io.FileNotFoundException](1)" classname="tests.Login.Login" time="0.812">
    <system-out><![CDATA[18:29:12.990 [main] INFO  utils.logs.Log - ValidateSuccessfulLogintest is starting...
The message is: Welcome Sad Business.
18:29:13.797 [main] INFO  utils.logs.Log - ValidateSuccessfulLogin test has succeeded.
]]></system-out>
  </testcase>
</testsuite>